<?xml version="1.0" encoding="UTF-8"?>
<testng-results skipped="0" failed="0" ignored="0" total="1" passed="1">
  <reporter-output>
  </reporter-output>
  <suite name="Suite" duration-ms="4744" started-at="2021-06-24T06:22:46Z" finished-at="2021-06-24T06:22:51Z">
    <groups>
    </groups>
    <test name="Test" duration-ms="4744" started-at="2021-06-24T06:22:46Z" finished-at="2021-06-24T06:22:51Z">
      <class name="org.testing.testcases.TC4_GetAllRecords">
        <test-method status="PASS" signature="TC4()[pri:0, instance:org.testing.testcases.TC4_GetAllRecords@429bd883]" name="TC4" duration-ms="4722" started-at="2021-06-24T11:52:46Z" finished-at="2021-06-24T11:52:51Z">
          <reporter-output>
          </reporter-output>
        </test-method> <!-- TC4 -->
      </class> <!-- org.testing.testcases.TC4_GetAllRecords -->
    </test> <!-- Test -->
  </suite> <!-- Suite -->
</testng-results>
